* using log directory 'C:/Users/henri/OneDrive/Desktop/Arbeit/datavana git/datavana/epigraf.Rcheck'
* using R version 4.1.2 (2021-11-01)
* using platform: x86_64-w64-mingw32 (64-bit)
* using session charset: ISO8859-1
* using options '--no-manual --as-cran'
* checking for file 'epigraf/DESCRIPTION' ... OK
* this is package 'epigraf' version '0.0.0.9000'
* package encoding: UTF-8
* checking package namespace information ... OK
* checking package dependencies ... OK
* checking if this is a source package ... OK
* checking if there is a namespace ... OK
* checking for executable files ... OK
* checking for hidden files and directories ... OK
* checking for portable file names ... OK
* checking serialization versions ... OK
* checking whether package 'epigraf' can be installed ... WARNING
Found the following significant warnings:
  Warning: package 'tidyverse' was built under R version 4.1.3
  Warning: package 'ggplot2' was built under R version 4.1.3
  Warning: package 'tibble' was built under R version 4.1.3
  Warning: package 'tidyr' was built under R version 4.1.3
  Warning: package 'readr' was built under R version 4.1.3
  Warning: package 'purrr' was built under R version 4.1.3
  Warning: package 'dplyr' was built under R version 4.1.3
  Warning: package 'stringr' was built under R version 4.1.3
  Warning: package 'forcats' was built under R version 4.1.3
  Warning: package 'jsonlite' was built under R version 4.1.3
See 'C:/Users/henri/OneDrive/Desktop/Arbeit/datavana git/datavana/epigraf.Rcheck/00install.out' for details.
* checking installed package size ... OK
* checking package directory ... OK
* checking for future file timestamps ... OK
* checking DESCRIPTION meta-information ... WARNING
Non-standard license specification:
  `use_mit_license()`, `use_gpl3_license()` or friends to pick a
  license
Standardizable: FALSE
* checking top-level files ... OK
* checking for left-over files ... OK
* checking index information ... OK
* checking package subdirectories ... OK
* checking R files for non-ASCII characters ... OK
* checking R files for syntax errors ... OK
* checking whether the package can be loaded ... OK
* checking whether the package can be loaded with stated dependencies ... OK
* checking whether the package can be unloaded cleanly ... OK
* checking whether the namespace can be loaded with stated dependencies ... OK
* checking whether the namespace can be unloaded cleanly ... OK
* checking loading without being on the library search path ... OK
* checking dependencies in R code ... OK
* checking S3 generic/method consistency ... OK
* checking replacement functions ... OK
* checking foreign function calls ... OK
* checking R code for possible problems ... NOTE
epi_create_iri: no visible global function definition for
  'str_to_lower'
epi_create_iri: no visible global function definition for
  'str_remove_all'
sm_create_articles: no visible global function definition for '%>%'
sm_create_articles: no visible global function definition for
  'group_by'
sm_create_articles: no visible binding for global variable 'platform'
sm_create_articles: no visible binding for global variable
  'tree_thread'
sm_create_articles: no visible global function definition for 'arrange'
sm_create_articles: no visible binding for global variable 'tree_pos'
sm_create_articles: no visible global function definition for
  'slice_head'
sm_create_articles: no visible global function definition for 'ungroup'
sm_create_articles: no visible global function definition for
  'str_length'
sm_create_articles: no visible global function definition for 'filter'
sm_create_articles: no visible binding for global variable 'sample_no'
sm_create_articles: no visible global function definition for
  'distinct'
sm_create_articles: no visible global function definition for
  'summarize'
sm_create_articles: no visible global function definition for 'str_pad'
sm_create_articles: no visible global function definition for 'mutate'
sm_create_articles: no visible binding for global variable 'doc_id'
sm_create_articles: no visible binding for global variable 'id'
sm_create_articles: no visible binding for global variable
  'sample_name'
sm_create_articles: no visible binding for global variable 'caption'
sm_create_articles: no visible global function definition for
  'str_trunc'
sm_create_articles: no visible binding for global variable 'text'
sm_create_articles: no visible global function definition for
  'left_join'
sm_create_articles: no visible global function definition for 'select'
sm_create_articles: no visible binding for global variable 'type'
sm_create_articles: no visible binding for global variable
  'projects_id'
sm_create_articles: no visible binding for global variable 'name'
sm_create_articles: no visible binding for global variable 'number'
sm_create_articles: no visible binding for global variable 'iri'
sm_create_items: no visible global function definition for '%>%'
sm_create_items: no visible global function definition for 'mutate'
sm_create_items: no visible binding for global variable 'msg_type'
sm_create_items: no visible binding for global variable 'platform'
sm_create_items: no visible binding for global variable 'tree_id'
sm_create_items: no visible binding for global variable 'tree_thread'
sm_create_metrics_items: no visible global function definition for
  '%>%'
sm_create_metrics_items: no visible global function definition for
  'select'
sm_create_metrics_items: no visible binding for global variable
  'articles_id'
sm_create_metrics_items: no visible binding for global variable
  'sections_id'
sm_create_metrics_items: no visible binding for global variable 'type'
sm_create_metrics_items: no visible global function definition for
  'starts_with'
sm_create_metrics_items: no visible global function definition for
  'pivot_longer'
sm_create_metrics_items: no visible global function definition for
  'filter'
sm_create_metrics_items: no visible binding for global variable 'value'
sm_create_metrics_items: no visible global function definition for
  'mutate'
sm_create_metrics_items: no visible global function definition for
  'str_remove'
sm_create_metrics_items: no visible binding for global variable 'name'
sm_create_metrics_items: no visible global function definition for
  'group_by'
sm_create_metrics_items: no visible global function definition for
  'summarise'
sm_create_metrics_items: no visible global function definition for
  'map2'
sm_create_metrics_items: no visible global function definition for
  'ungroup'
sm_create_metrics_items: no visible global function definition for
  'map'
sm_create_metrics_items: no visible binding for global variable
  'metrics'
sm_create_metrics_items: no visible global function definition for
  'map_chr'
sm_create_projects: no visible global function definition for '%>%'
sm_create_projects: no visible global function definition for
  'distinct'
sm_create_projects: no visible binding for global variable
  'sample_name'
sm_create_projects: no visible global function definition for 'mutate'
sm_create_projects: no visible binding for global variable 'id'
sm_create_projects: no visible global function definition for 'select'
sm_create_projects: no visible binding for global variable 'iri'
sm_create_properties: no visible global function definition for 'enquo'
sm_create_properties: no visible global function definition for '%>%'
sm_create_properties: no visible global function definition for
  'filter'
sm_create_properties: no visible global function definition for
  'distinct'
sm_create_properties: no visible global function definition for
  'mutate'
sm_create_properties: no visible global function definition for
  'as_label'
sm_create_properties: no visible binding for global variable 'type'
sm_create_properties: no visible binding for global variable 'id'
sm_create_properties: no visible global function definition for
  'arrange'
sm_create_properties: no visible binding for global variable 'name'
sm_create_properties: no visible global function definition for
  'select'
sm_create_properties: no visible binding for global variable 'lemma'
sm_create_property_items: no visible global function definition for
  'enquo'
sm_create_property_items: no visible global function definition for
  '%>%'
sm_create_property_items: no visible global function definition for
  'group_by'
sm_create_property_items: no visible binding for global variable
  'platform'
sm_create_property_items: no visible binding for global variable
  'tree_thread'
sm_create_property_items: no visible global function definition for
  'arrange'
sm_create_property_items: no visible binding for global variable
  'tree_pos'
sm_create_property_items: no visible global function definition for
  'slice_head'
sm_create_property_items: no visible global function definition for
  'ungroup'
sm_create_property_items: no visible global function definition for
  'as_label'
sm_create_property_items: no visible global function definition for
  'filter'
sm_create_property_items: no visible global function definition for
  'mutate'
sm_create_property_items: no visible global function definition for
  'select'
sm_create_property_items: no visible binding for global variable
  'articles_id'
sm_create_property_items: no visible binding for global variable
  'sections_id'
sm_create_property_items: no visible binding for global variable 'type'
sm_create_property_items: no visible binding for global variable
  'properties_id'
sm_create_search_items: no visible global function definition for '%>%'
sm_create_search_items: no visible global function definition for
  'unite'
sm_create_search_items: no visible binding for global variable
  'content'
sm_create_search_items: no visible binding for global variable
  'caption'
sm_create_search_items: no visible binding for global variable 'text'
sm_create_search_items: no visible global function definition for
  'select'
sm_create_search_items: no visible binding for global variable
  'articles_id'
sm_create_search_items: no visible binding for global variable
  'sections_id'
sm_create_search_items: no visible binding for global variable 'type'
sm_create_sections: no visible global function definition for '%>%'
sm_create_sections: no visible global function definition for 'mutate'
sm_create_sections: no visible binding for global variable 'platform'
sm_create_sections: no visible binding for global variable 'tree_id'
sm_create_sections: no visible binding for global variable 'msg_type'
sm_create_sections: no visible binding for global variable 'type'
sm_create_sections: no visible binding for global variable 'doc_id'
sm_create_sections: no visible global function definition for
  'distinct'
sm_create_sections: no visible binding for global variable 'iri'
sm_create_sections: no visible global function definition for
  'group_by'
sm_create_sections: no visible binding for global variable
  'tree_thread'
sm_create_sections: no visible global function definition for 'arrange'
sm_create_sections: no visible binding for global variable 'tree_pos'
sm_create_sections: no visible global function definition for 'ungroup'
sm_create_sections: no visible global function definition for
  'str_to_title'
sm_create_sections: no visible binding for global variable
  'author_name'
sm_create_sections: no visible global function definition for
  'left_join'
sm_create_sections: no visible global function definition for 'select'
sm_create_sections: no visible binding for global variable 'id'
sm_create_sections: no visible binding for global variable 'parent_id'
sm_create_sections: no visible binding for global variable 'sortno'
sm_create_sections: no visible binding for global variable
  'articles_id'
sm_create_sections: no visible binding for global variable 'name'
sm_create_sections: no visible binding for global variable 'sample_no'
sm_create_text_items: no visible global function definition for '%>%'
sm_create_text_items: no visible global function definition for
  'select'
sm_create_text_items: no visible binding for global variable
  'articles_id'
sm_create_text_items: no visible binding for global variable
  'sections_id'
sm_create_text_items: no visible binding for global variable 'type'
sm_create_text_items: no visible binding for global variable 'caption'
sm_create_text_items: no visible binding for global variable 'text'
sm_create_text_items: no visible binding for global variable 'created'
sm_create_text_items: no visible binding for global variable 'link'
sm_pseudonyms: no visible global function definition for '%>%'
sm_pseudonyms: no visible global function definition for 'filter'
sm_pseudonyms: no visible binding for global variable 'author_id'
sm_pseudonyms: no visible global function definition for 'distinct'
sm_pseudonyms: no visible binding for global variable 'platform'
sm_pseudonyms: no visible global function definition for 'slice_sample'
sm_pseudonyms: no visible global function definition for 'mutate'
sm_pseudonyms: no visible global function definition for 'row_number'
sm_pseudonyms: no visible global function definition for 'str_to_upper'
sm_pseudonyms: no visible binding for global variable '.'
sm_pseudonyms: no visible global function definition for 'left_join'
sm_pseudonyms: no visible binding for global variable '.author_id'
sm_pseudonyms: no visible binding for global variable '.author_name'
sm_pseudonyms: no visible global function definition for 'select'
sm_unnest_property_items: no visible global function definition for
  'enquo'
sm_unnest_property_items: no visible global function definition for
  '%>%'
sm_unnest_property_items: no visible global function definition for
  'filter'
sm_unnest_property_items: no visible global function definition for
  'separate_rows'
sm_unnest_property_properties: no visible global function definition
  for 'enquo'
sm_unnest_property_properties: no visible global function definition
  for '%>%'
sm_unnest_property_properties: no visible global function definition
  for 'filter'
sm_unnest_property_properties: no visible global function definition
  for 'separate_rows'
textToArticle: no visible global function definition for 'tibble'
textToArticle: no visible global function definition for 'bind_rows'
Undefined global functions or variables:
  %>% . .author_id .author_name arrange articles_id as_label author_id
  author_name bind_rows caption content created distinct doc_id enquo
  filter group_by id iri left_join lemma link map map2 map_chr metrics
  msg_type mutate name number parent_id pivot_longer platform
  projects_id properties_id row_number sample_name sample_no
  sections_id select separate_rows slice_head slice_sample sortno
  starts_with str_length str_pad str_remove str_remove_all str_to_lower
  str_to_title str_to_upper str_trunc summarise summarize text tibble
  tree_id tree_pos tree_thread type ungroup unite value
Consider adding
  importFrom("graphics", "text")
  importFrom("stats", "filter")
to your NAMESPACE file.
* checking Rd files ... OK
* checking Rd metadata ... OK
* checking Rd line widths ... OK
* checking Rd cross-references ... OK
* checking for missing documentation entries ... WARNING
Undocumented code objects:
  'epi_create_iri' 'sm_create_articles' 'sm_create_items'
  'sm_create_metrics_items' 'sm_create_projects'
  'sm_create_search_items' 'sm_create_sections' 'sm_create_text_items'
  'sm_pseudonyms' 'sm_unnest_property_items'
  'sm_unnest_property_properties'
All user-level objects in a package should have documentation entries.
See chapter 'Writing R documentation files' in the 'Writing R
Extensions' manual.
* checking for code/documentation mismatches ... OK
* checking Rd \usage sections ... WARNING
Undocumented arguments in documentation object 'sm_create_properties'
  'col_id' 'col_lemma'

Undocumented arguments in documentation object 'sm_create_property_items'
  'col' 'sortno' 'first'

Functions with \usage entries need to have the appropriate \alias
entries, and all their arguments documented.
The \usage entries must correspond to syntactically valid R code.
See chapter 'Writing R documentation files' in the 'Writing R
Extensions' manual.
* checking Rd contents ... OK
* checking for unstated dependencies in examples ... OK
* checking examples ... OK
* checking for unstated dependencies in 'tests' ... OK
* checking tests ... ERROR
  Running 'testthat.R'
Running the tests in 'tests/testthat.R' failed.
Last 13 lines of output:
  6: package 'purrr' was built under R version 4.1.3 
  7: package 'dplyr' was built under R version 4.1.3 
  8: package 'stringr' was built under R version 4.1.3 
  9: package 'forcats' was built under R version 4.1.3 
  10: package 'jsonlite' was built under R version 4.1.3 
  > 
  > test_check("epigraf")
  Error in `test_dir()`:
  ! No test files found
  Backtrace:
      x
   1. \-testthat::test_check("epigraf")
   2.   \-testthat::test_dir("testthat", package = package, reporter = reporter, ..., load_package = "installed")
   3.     \-rlang::abort("No test files found")
  Execution halted
* checking for non-standard things in the check directory ... OK
* checking for detritus in the temp directory ... OK
* DONE
Status: 1 ERROR, 4 WARNINGs, 1 NOTE
