* installing *source* package 'epigraf' ...
** using staged installation
** R
** byte-compile and prepare package for lazy loading
Warning messages:
1: package 'tidyverse' was built under R version 4.1.3 
2: package 'ggplot2' was built under R version 4.1.3 
3: package 'tibble' was built under R version 4.1.3 
4: package 'tidyr' was built under R version 4.1.3 
5: package 'readr' was built under R version 4.1.3 
6: package 'purrr' was built under R version 4.1.3 
7: package 'dplyr' was built under R version 4.1.3 
8: package 'stringr' was built under R version 4.1.3 
9: package 'forcats' was built under R version 4.1.3 
10: package 'jsonlite' was built under R version 4.1.3 
** help
*** installing help indices
** building package indices
** testing if installed package can be loaded from temporary location
*** arch - i386
Warning: package 'tidyverse' was built under R version 4.1.3
Warning: package 'ggplot2' was built under R version 4.1.3
Warning: package 'tibble' was built under R version 4.1.3
Warning: package 'tidyr' was built under R version 4.1.3
Warning: package 'readr' was built under R version 4.1.3
Warning: package 'purrr' was built under R version 4.1.3
Warning: package 'dplyr' was built under R version 4.1.3
Warning: package 'stringr' was built under R version 4.1.3
Warning: package 'forcats' was built under R version 4.1.3
Warning: package 'jsonlite' was built under R version 4.1.3
*** arch - x64
Warning: package 'tidyverse' was built under R version 4.1.3
Warning: package 'ggplot2' was built under R version 4.1.3
Warning: package 'tibble' was built under R version 4.1.3
Warning: package 'tidyr' was built under R version 4.1.3
Warning: package 'readr' was built under R version 4.1.3
Warning: package 'purrr' was built under R version 4.1.3
Warning: package 'dplyr' was built under R version 4.1.3
Warning: package 'stringr' was built under R version 4.1.3
Warning: package 'forcats' was built under R version 4.1.3
Warning: package 'jsonlite' was built under R version 4.1.3
** testing if installed package can be loaded from final location
*** arch - i386
Warning: package 'tidyverse' was built under R version 4.1.3
Warning: package 'ggplot2' was built under R version 4.1.3
Warning: package 'tibble' was built under R version 4.1.3
Warning: package 'tidyr' was built under R version 4.1.3
Warning: package 'readr' was built under R version 4.1.3
Warning: package 'purrr' was built under R version 4.1.3
Warning: package 'dplyr' was built under R version 4.1.3
Warning: package 'stringr' was built under R version 4.1.3
Warning: package 'forcats' was built under R version 4.1.3
Warning: package 'jsonlite' was built under R version 4.1.3
*** arch - x64
Warning: package 'tidyverse' was built under R version 4.1.3
Warning: package 'ggplot2' was built under R version 4.1.3
Warning: package 'tibble' was built under R version 4.1.3
Warning: package 'tidyr' was built under R version 4.1.3
Warning: package 'readr' was built under R version 4.1.3
Warning: package 'purrr' was built under R version 4.1.3
Warning: package 'dplyr' was built under R version 4.1.3
Warning: package 'stringr' was built under R version 4.1.3
Warning: package 'forcats' was built under R version 4.1.3
Warning: package 'jsonlite' was built under R version 4.1.3
** testing if installed package keeps a record of temporary installation path
* DONE (epigraf)
